  BankProject.cpp
C:\Users\moath\Desktop\C++\OOP as it Should Be (Applications)\BankProject\BankProject\clsString.h(36,25): warning C4267: 'return': conversion from 'size_t' to 'short', possible loss of data
  (compiling source file 'BankProject.cpp')
  
C:\Users\moath\Desktop\C++\OOP as it Should Be (Applications)\BankProject\BankProject\clsString.h(41,29): warning C4267: 'return': conversion from 'size_t' to 'short', possible loss of data
  (compiling source file 'BankProject.cpp')
  
C:\Users\moath\Desktop\C++\OOP as it Should Be (Applications)\BankProject\BankProject\clsString.h(53,30): warning C4267: '=': conversion from 'size_t' to 'short', possible loss of data
  (compiling source file 'BankProject.cpp')
  
C:\Users\moath\Desktop\C++\OOP as it Should Be (Applications)\BankProject\BankProject\clsString.h(190,29): warning C4267: 'return': conversion from 'size_t' to 'short', possible loss of data
  (compiling source file 'BankProject.cpp')
  
C:\Users\moath\Desktop\C++\OOP as it Should Be (Applications)\BankProject\BankProject\clsString.h(321,30): warning C4267: '=': conversion from 'size_t' to 'short', possible loss of data
  (compiling source file 'BankProject.cpp')
  
C:\Users\moath\Desktop\C++\OOP as it Should Be (Applications)\BankProject\BankProject\clsString.h(369,22): warning C4267: 'initializing': conversion from 'size_t' to 'short', possible loss of data
  (compiling source file 'BankProject.cpp')
  
C:\Users\moath\Desktop\C++\OOP as it Should Be (Applications)\BankProject\BankProject\clsUtil.h(64,5): warning C4102: 'defualt': unreferenced label
  (compiling source file 'BankProject.cpp')
  
C:\Users\moath\Desktop\C++\OOP as it Should Be (Applications)\BankProject\BankProject\clsUser.h(183,12): warning C4240: nonstandard extension used: access to 'clsUser::stLoginRegisterRecord' now defined to be 'public', previously it was defined to be 'private'
  (compiling source file 'BankProject.cpp')
      C:\Users\moath\Desktop\C++\OOP as it Should Be (Applications)\BankProject\BankProject\clsUser.h(22,12):
      see declaration of 'clsUser::stLoginRegisterRecord'
  
C:\Users\moath\Desktop\C++\OOP as it Should Be (Applications)\BankProject\BankProject\clsBankClient.h(190,12): warning C4240: nonstandard extension used: access to 'clsBankClient::stLoginTransfer' now defined to be 'public', previously it was defined to be 'private'
  (compiling source file 'BankProject.cpp')
      C:\Users\moath\Desktop\C++\OOP as it Should Be (Applications)\BankProject\BankProject\clsBankClient.h(22,12):
      see declaration of 'clsBankClient::stLoginTransfer'
  
C:\Users\moath\Desktop\C++\OOP as it Should Be (Applications)\BankProject\BankProject\clsBankClient.h(29,91): warning C4244: 'argument': conversion from 'double' to 'float', possible loss of data
  (compiling source file 'BankProject.cpp')
  
C:\Users\moath\Desktop\C++\OOP as it Should Be (Applications)\BankProject\BankProject\clsBankClient.h(386,28): warning C4244: '+=': conversion from 'double' to 'float', possible loss of data
  (compiling source file 'BankProject.cpp')
  
C:\Users\moath\Desktop\C++\OOP as it Should Be (Applications)\BankProject\BankProject\clsBankClient.h(397,32): warning C4244: '-=': conversion from 'double' to 'float', possible loss of data
  (compiling source file 'BankProject.cpp')
  
C:\Users\moath\Desktop\C++\OOP as it Should Be (Applications)\BankProject\BankProject\clsAddNewClientScreen.h(28,69): warning C4244: 'argument': conversion from 'T' to 'float', possible loss of data
C:\Users\moath\Desktop\C++\OOP as it Should Be (Applications)\BankProject\BankProject\clsAddNewClientScreen.h(28,69): warning C4244:         with
C:\Users\moath\Desktop\C++\OOP as it Should Be (Applications)\BankProject\BankProject\clsAddNewClientScreen.h(28,69): warning C4244:         [
C:\Users\moath\Desktop\C++\OOP as it Should Be (Applications)\BankProject\BankProject\clsAddNewClientScreen.h(28,69): warning C4244:             T=double
C:\Users\moath\Desktop\C++\OOP as it Should Be (Applications)\BankProject\BankProject\clsAddNewClientScreen.h(28,69): warning C4244:         ]
  (compiling source file 'BankProject.cpp')
  
C:\Users\moath\Desktop\C++\OOP as it Should Be (Applications)\BankProject\BankProject\clsUpdateClientScreen.h(47,69): warning C4244: 'argument': conversion from 'T' to 'float', possible loss of data
C:\Users\moath\Desktop\C++\OOP as it Should Be (Applications)\BankProject\BankProject\clsUpdateClientScreen.h(47,69): warning C4244:         with
C:\Users\moath\Desktop\C++\OOP as it Should Be (Applications)\BankProject\BankProject\clsUpdateClientScreen.h(47,69): warning C4244:         [
C:\Users\moath\Desktop\C++\OOP as it Should Be (Applications)\BankProject\BankProject\clsUpdateClientScreen.h(47,69): warning C4244:             T=double
C:\Users\moath\Desktop\C++\OOP as it Should Be (Applications)\BankProject\BankProject\clsUpdateClientScreen.h(47,69): warning C4244:         ]
  (compiling source file 'BankProject.cpp')
  
C:\Users\moath\Desktop\C++\OOP as it Should Be (Applications)\BankProject\BankProject\clsTotalBalancesScreen.h(57,82): warning C4244: 'argument': conversion from 'double' to 'int', possible loss of data
  (compiling source file 'BankProject.cpp')
  
C:\Users\moath\Desktop\C++\OOP as it Should Be (Applications)\BankProject\BankProject\clsTransfer.h(49,20): warning C4244: 'initializing': conversion from 'T' to 'int', possible loss of data
C:\Users\moath\Desktop\C++\OOP as it Should Be (Applications)\BankProject\BankProject\clsTransfer.h(49,20): warning C4244:         with
C:\Users\moath\Desktop\C++\OOP as it Should Be (Applications)\BankProject\BankProject\clsTransfer.h(49,20): warning C4244:         [
C:\Users\moath\Desktop\C++\OOP as it Should Be (Applications)\BankProject\BankProject\clsTransfer.h(49,20): warning C4244:             T=double
C:\Users\moath\Desktop\C++\OOP as it Should Be (Applications)\BankProject\BankProject\clsTransfer.h(49,20): warning C4244:         ]
  (compiling source file 'BankProject.cpp')
  
C:\Users\moath\Desktop\C++\OOP as it Should Be (Applications)\BankProject\BankProject\clsTransfer.h(67,62): warning C4244: '=': conversion from 'T' to 'int', possible loss of data
C:\Users\moath\Desktop\C++\OOP as it Should Be (Applications)\BankProject\BankProject\clsTransfer.h(67,62): warning C4244:         with
C:\Users\moath\Desktop\C++\OOP as it Should Be (Applications)\BankProject\BankProject\clsTransfer.h(67,62): warning C4244:         [
C:\Users\moath\Desktop\C++\OOP as it Should Be (Applications)\BankProject\BankProject\clsTransfer.h(67,62): warning C4244:             T=double
C:\Users\moath\Desktop\C++\OOP as it Should Be (Applications)\BankProject\BankProject\clsTransfer.h(67,62): warning C4244:         ]
  (compiling source file 'BankProject.cpp')
  
C:\Users\moath\Desktop\C++\OOP as it Should Be (Applications)\BankProject\BankProject\clsCurrency.h(28,28): warning C4244: 'argument': conversion from 'double' to 'float', possible loss of data
  (compiling source file 'BankProject.cpp')
  
C:\Users\moath\Desktop\C++\OOP as it Should Be (Applications)\BankProject\BankProject\clsCurrency.h(193,36): warning C4244: 'argument': conversion from 'float' to 'int', possible loss of data
  (compiling source file 'BankProject.cpp')
  
C:\Users\moath\Desktop\C++\OOP as it Should Be (Applications)\BankProject\BankProject\clsCurrencyCalculatorScreen.h(49,46): warning C4244: 'argument': conversion from 'float' to 'int', possible loss of data
  (compiling source file 'BankProject.cpp')
  
C:\Users\moath\Desktop\C++\OOP as it Should Be (Applications)\BankProject\BankProject\clsBankClient.h(347,1): warning C4715: 'clsBankClient::Save': not all control paths return a value
C:\Users\moath\Desktop\C++\OOP as it Should Be (Applications)\BankProject\BankProject\clsUser.h(316,1): warning C4715: 'clsUser::Save': not all control paths return a value
  BankProject.vcxproj -> C:\Users\moath\Desktop\C++\OOP as it Should Be (Applications)\BankProject\x64\Debug\BankProject.exe
